/LGZ4\2ZMD3102400.B31
0-0:F.F.0(00000000)
0.0.0(97846089)
0.0.1(400)
0.0.3(CD3T)
0.1.0(01)
0.1.0*1(18-01-03 08:22)
0.1.0*0(00-00-00 00:00)
0.1.0*0(00-00-00 00:00)
0.1.0*0(00-00-00 00:00)
0.1.0*0(00-00-00 00:00)
0.1.0*0(00-00-00 00:00)
0.1.0*0(00-00-00 00:00)
0.1.0*0(00-00-00 00:00)
0.1.0*0(00-00-00 00:00)
0.1.0*0(00-00-00 00:00)
0.1.0*0(00-00-00 00:00)
0.1.0*0(00-00-00 00:00)
0.1.0*0(00-00-00 00:00)
0.1.0*0(00-00-00 00:00)
0.1.0*0(00-00-00 00:00)
1.8.1(000143*kWh)
1.8.1*1(000000*kWh)
1.8.1*0(000000*kWh)
1.8.1*0(000000*kWh)
1.8.1*0(000000*kWh)
1.8.1*0(000000*kWh)
1.8.1*0(000000*kWh)
1.8.1*0(000000*kWh)
1.8.1*0(000000*kWh)
1.8.1*0(000000*kWh)
1.8.1*0(000000*kWh)
1.8.1*0(000000*kWh)
1.8.1*0(000000*kWh)
1.8.1*0(000000*kWh)
1.8.1*0(000000*kWh)
1.8.1*0(000000*kWh)
1.8.2(000176*kWh)
1.8.2*1(000018*kWh)
1.8.2*0(000000*kWh)
1.8.2*0(000000*kWh)
1.8.2*0(000000*kWh)
1.8.2*0(000000*kWh)
1.8.2*0(000000*kWh)
1.8.2*0(000000*kWh)
1.8.2*0(000000*kWh)
1.8.2*0(000000*kWh)
1.8.2*0(000000*kWh)
1.8.2*0(000000*kWh)
1.8.2*0(000000*kWh)
1.8.2*0(000000*kWh)
1.8.2*0(000000*kWh)
1.8.2*0(000000*kWh)
1.8.3(000684*kWh)
1.8.3*1(000086*kWh)
1.8.3*0(000000*kWh)
1.8.3*0(000000*kWh)
1.8.3*0(000000*kWh)
1.8.3*0(000000*kWh)
1.8.3*0(000000*kWh)
1.8.3*0(000000*kWh)
1.8.3*0(000000*kWh)
1.8.3*0(000000*kWh)
1.8.3*0(000000*kWh)
1.8.3*0(000000*kWh)
1.8.3*0(000000*kWh)
1.8.3*0(000000*kWh)
1.8.3*0(000000*kWh)
1.8.3*0(000000*kWh)
2.8.1(000000*kWh)
2.8.1*1(000000*kWh)
2.8.1*0(000000*kWh)
2.8.1*0(000000*kWh)
2.8.1*0(000000*kWh)
2.8.1*0(000000*kWh)
2.8.1*0(000000*kWh)
2.8.1*0(000000*kWh)
2.8.1*0(000000*kWh)
2.8.1*0(000000*kWh)
2.8.1*0(000000*kWh)
2.8.1*0(000000*kWh)
2.8.1*0(000000*kWh)
2.8.1*0(000000*kWh)
2.8.1*0(000000*kWh)
2.8.1*0(000000*kWh)
2.8.2(000000*kWh)
2.8.2*1(000000*kWh)
2.8.2*0(000000*kWh)
2.8.2*0(000000*kWh)
2.8.2*0(000000*kWh)
2.8.2*0(000000*kWh)
2.8.2*0(000000*kWh)
2.8.2*0(000000*kWh)
2.8.2*0(000000*kWh)
2.8.2*0(000000*kWh)
2.8.2*0(000000*kWh)
2.8.2*0(000000*kWh)
2.8.2*0(000000*kWh)
2.8.2*0(000000*kWh)
2.8.2*0(000000*kWh)
2.8.2*0(000000*kWh)
2.8.3(000000*kWh)
2.8.3*1(000000*kWh)
2.8.3*0(000000*kWh)
2.8.3*0(000000*kWh)
2.8.3*0(000000*kWh)
2.8.3*0(000000*kWh)
2.8.3*0(000000*kWh)
2.8.3*0(000000*kWh)
2.8.3*0(000000*kWh)
2.8.3*0(000000*kWh)
2.8.3*0(000000*kWh)
2.8.3*0(000000*kWh)
2.8.3*0(000000*kWh)
2.8.3*0(000000*kWh)
2.8.3*0(000000*kWh)
2.8.3*0(000000*kWh)
1.8.0(001005*kWh)
1.8.0*1(000105*kWh)
1.8.0*0(000000*kWh)
1.8.0*0(000000*kWh)
1.8.0*0(000000*kWh)
1.8.0*0(000000*kWh)
1.8.0*0(000000*kWh)
1.8.0*0(000000*kWh)
1.8.0*0(000000*kWh)
1.8.0*0(000000*kWh)
1.8.0*0(000000*kWh)
1.8.0*0(000000*kWh)
1.8.0*0(000000*kWh)
1.8.0*0(000000*kWh)
1.8.0*0(000000*kWh)
1.8.0*0(000000*kWh)
2.8.0(000000*kWh)
2.8.0*1(000000*kWh)
2.8.0*0(000000*kWh)
2.8.0*0(000000*kWh)
2.8.0*0(000000*kWh)
2.8.0*0(000000*kWh)
2.8.0*0(000000*kWh)
2.8.0*0(000000*kWh)
2.8.0*0(000000*kWh)
2.8.0*0(000000*kWh)
2.8.0*0(000000*kWh)
2.8.0*0(000000*kWh)
2.8.0*0(000000*kWh)
2.8.0*0(000000*kWh)
2.8.0*0(000000*kWh)
2.8.0*0(000000*kWh)
0.9.1(11:03:17)
0.9.2(22-12-28)
C.6.0(043801*h)
32.7.0(002.6*V)
52.7.0(002.9*V)
72.7.0(228.1*V)
33.7.0( -.--)
53.7.0( -.--)
73.7.0( -.--)
13.7.0( -.--)
C.2.1(17-12-29 09:39)
C.7.1(00000007)
C.7.2(00000007)
C.7.3(00000008)
C.7.0(00000008)
32.36.0(0002)(17-08-04 13:24)
52.36.0(0002)(17-08-04 13:24)
72.36.0(0002)(17-08-04 13:24)
32.32.0(0024)(22-12-21 12:17)
52.32.0(0011)(22-12-21 12:17)
72.32.0(0011)(17-12-29 09:32)
!
f