REgex to detct values inside ()
TOOOOOOP
\(([0-9.0-9A-Z]*) 

regex get after:
[:]([0-9C][.][0-9][.][0-9])

regex to get x.y.z
(^[0-9][.][0-9][.][0-9])

regex to get x-y
(^[0-9][-][0-9])

regex to get c.x.y
([cC][.][0-9]+[.][0-9]+)




---- Capture 1 ----
/ISk5ME172-0000
1-0:0.9.1*255(152812)
1-0:0.9.2*255(0221219)
0-0:C.1.0*255(82481617)
1-0:0.0.0*255(82481617)
1-0:0.1.0*255(57)
0-0:C.51.1*255(12)
0-0:C.51.2*255(0221212163024)
0-0:C.51.3*255(0)
0-0:C.51.4*255()
0-0:C.51.5*255(0)
0-0:C.51.6*255()
0-0:C.51.7*255(2)
0-0:C.51.8*255(0221118095402)
0-0:0.2.0*255(1.04)
C.2.1(CS3T)
0-0:C.1.6*255(78A4)
1.6.0()
1.8.0(0014830.986*kWh)
1.8.1(0005515.448*kWh)
1.8.2(0002035.626*kWh)
1.8.3(0007279.911*kWh)
1-0:0.1.2*57(2212191521)
1-0:0.1.2*56(2212151626)
1-0:0.1.2*55(2212151326)
1-0:0.1.2*54(2212140817)
1-0:0.1.2*53(2212140817)
1-0:0.1.2*52(2211171505)
1.8.0*57(0014830.986*kWh)
1.8.0*56(0014830.986*kWh)
1.8.0*55(0014830.986*kWh)
1.8.0*54(0014830.986*kWh)
1.8.0*53(0014830.986*kWh)
1.8.0*52(0014805.125*kWh)
1.8.1*57(0005515.448*kWh)
1.8.1*56(0005515.448*kWh)
1.8.1*55(0005515.448*kWh)
1.8.1*54(0005515.448*kWh)
1.8.1*53(0005515.448*kWh)
1.8.1*52(0005515.448*kWh)
1.8.2*57(0002035.626*kWh)
1.8.2*56(0002035.626*kWh)
1.8.2*55(0002035.626*kWh)
1.8.2*54(0002035.626*kWh)
1.8.2*53(0002035.626*kWh)
1.8.2*52(0002035.626*kWh)
1.8.3*57(0007279.911*kWh)
1.8.3*56(0007279.911*kWh)
1.8.3*55(0007279.911*kWh)
1.8.3*54(0007279.911*kWh)
1.8.3*53(0007279.911*kWh)
1.8.3*52(0007254.051*kWh)
!
